2023-03-08 14:57:39,430 [INFO] Activator:176 - 


2023-03-08 14:57:39,441 [INFO] Activator:177 - !SESSION log4j initialized
2023-03-08 14:57:48,079 [INFO] LogOutputStream:77 - [STDOUT_REDIRECT] 
2023-03-08 14:58:19,100 [ERROR] LogOutputStream:75 - [STDERR_REDIRECT] SLF4J: Failed to load class "org.slf4j.impl.StaticLoggerBinder".
2023-03-08 14:58:19,101 [ERROR] LogOutputStream:75 - [STDERR_REDIRECT] SLF4J: Defaulting to no-operation (NOP) logger implementation
2023-03-08 14:58:19,105 [ERROR] LogOutputStream:75 - [STDERR_REDIRECT] SLF4J: See http://www.slf4j.org/codes.html#StaticLoggerBinder for further details.
2023-03-08 14:59:05,971 [INFO] ApplicationProperties:184 - Using Application install path: C:\ST\STM32CubeIDE_1.12.0\STM32CubeIDE\plugins\com.st.stm32cube.common.mx_6.8.0.202302231600
2023-03-08 14:59:05,998 [INFO] DbMcusXml:78 - Set database path to: C:\ST\STM32CubeIDE_1.12.0\STM32CubeIDE\plugins\com.st.stm32cube.common.mx_6.8.0.202302231600\\db\/mcu/
2023-03-08 14:59:05,999 [INFO] ApiDb:274 - Set plugin database path to: C:\ST\STM32CubeIDE_1.12.0\STM32CubeIDE\plugins\com.st.stm32cube.common.mx_6.8.0.202302231600\\db\/plugins/boardmanager/
2023-03-08 14:59:06,002 [WARN] ApiDb:259 - Overriding images path with different value:  => C:\ST\STM32CubeIDE_1.12.0\STM32CubeIDE\plugins\com.st.stm32cube.common.mx_6.8.0.202302231600\\db\/plugins/mcufinder/images/
2023-03-08 14:59:31,679 [INFO] ApiDb:250 - Set database path to: C:\Users\hlecoz\.stmcufinder\plugins\mcufinder//mcu/
2023-03-08 14:59:31,682 [INFO] DbMcusAds:125 - Set database path to: C:\Users\hlecoz\.stmcufinder\plugins\mcufinder//mcu/
2023-03-08 14:59:31,697 [INFO] CrossReferenceDbSqlite:203 - Set database path to: C:\Users\hlecoz\.stmcufinder\plugins\mcufinder//mcu/cs/
2023-03-08 14:59:32,015 [INFO] DbMcusXml:78 - Set database path to: C:\ST\STM32CubeIDE_1.12.0\STM32CubeIDE\plugins\com.st.stm32cube.common.mx_6.8.0.202302231600\\db\/mcu/
2023-03-08 14:59:32,015 [INFO] ApiDb:274 - Set plugin database path to: C:\ST\STM32CubeIDE_1.12.0\STM32CubeIDE\plugins\com.st.stm32cube.common.mx_6.8.0.202302231600\\db\/plugins/boardmanager/
2023-03-08 14:59:32,015 [INFO] ApiDb:261 - Set plugin images path to: C:\ST\STM32CubeIDE_1.12.0\STM32CubeIDE\plugins\com.st.stm32cube.common.mx_6.8.0.202302231600\\db\/plugins/mcufinder/images/
2023-03-08 14:59:32,015 [WARN] DbFile:41 - Overriding database path with different value: C:\Users\hlecoz\.stmcufinder\plugins\mcufinder/ => C:\Users\hlecoz\.stmcufinder\plugins\mcufinder
2023-03-08 14:59:32,015 [INFO] ApiDb:250 - Set database path to: C:\Users\hlecoz\.stmcufinder\plugins\mcufinder//mcu/
2023-03-08 14:59:32,015 [WARN] DbFile:41 - Overriding database path with different value: C:\Users\hlecoz\.stmcufinder\plugins\mcufinder/ => C:\Users\hlecoz\.stmcufinder\plugins\mcufinder
2023-03-08 14:59:32,015 [INFO] DbMcusAds:125 - Set database path to: C:\Users\hlecoz\.stmcufinder\plugins\mcufinder//mcu/
2023-03-08 14:59:32,015 [WARN] DbFile:41 - Overriding database path with different value: C:\Users\hlecoz\.stmcufinder\plugins\mcufinder/ => C:\Users\hlecoz\.stmcufinder\plugins\mcufinder
2023-03-08 14:59:32,015 [WARN] DbFile:41 - Overriding database path with different value: C:\Users\hlecoz\.stmcufinder\plugins\mcufinder/ => C:\Users\hlecoz\.stmcufinder\plugins\mcufinder
2023-03-08 14:59:32,023 [INFO] CrossReferenceDbSqlite:203 - Set database path to: C:\Users\hlecoz\.stmcufinder\plugins\mcufinder//mcu/cs/
2023-03-08 14:59:32,280 [INFO] MainPanel:253 - HeapMemory: 422576128
2023-03-08 14:59:32,496 [INFO] DbMcusXml:78 - Set database path to: C:\ST\STM32CubeIDE_1.12.0\STM32CubeIDE\plugins\com.st.stm32cube.common.mx_6.8.0.202302231600\\db\/mcu/
2023-03-08 14:59:32,496 [INFO] ApiDb:274 - Set plugin database path to: C:\ST\STM32CubeIDE_1.12.0\STM32CubeIDE\plugins\com.st.stm32cube.common.mx_6.8.0.202302231600\\db\/plugins/boardmanager/
2023-03-08 14:59:32,496 [INFO] ApiDb:261 - Set plugin images path to: C:\ST\STM32CubeIDE_1.12.0\STM32CubeIDE\plugins\com.st.stm32cube.common.mx_6.8.0.202302231600\\db\/plugins/mcufinder/images/
2023-03-08 14:59:32,496 [WARN] DbFile:41 - Overriding database path with different value: C:\Users\hlecoz\.stmcufinder\plugins\mcufinder/ => C:\Users\hlecoz\.stmcufinder\plugins\mcufinder
2023-03-08 14:59:32,496 [INFO] ApiDb:250 - Set database path to: C:\Users\hlecoz\.stmcufinder\plugins\mcufinder//mcu/
2023-03-08 14:59:32,496 [WARN] DbFile:41 - Overriding database path with different value: C:\Users\hlecoz\.stmcufinder\plugins\mcufinder/ => C:\Users\hlecoz\.stmcufinder\plugins\mcufinder
2023-03-08 14:59:32,496 [INFO] DbMcusAds:125 - Set database path to: C:\Users\hlecoz\.stmcufinder\plugins\mcufinder//mcu/
2023-03-08 14:59:32,496 [WARN] DbFile:41 - Overriding database path with different value: C:\Users\hlecoz\.stmcufinder\plugins\mcufinder/ => C:\Users\hlecoz\.stmcufinder\plugins\mcufinder
2023-03-08 14:59:32,496 [WARN] DbFile:41 - Overriding database path with different value: C:\Users\hlecoz\.stmcufinder\plugins\mcufinder/ => C:\Users\hlecoz\.stmcufinder\plugins\mcufinder
2023-03-08 14:59:32,496 [INFO] CrossReferenceDbSqlite:203 - Set database path to: C:\Users\hlecoz\.stmcufinder\plugins\mcufinder//mcu/cs/
2023-03-08 14:59:32,564 [INFO] ApplicationProperties:184 - Using Application install path: C:\ST\STM32CubeIDE_1.12.0\STM32CubeIDE\plugins\com.st.stm32cube.common.mx_6.8.0.202302231600
2023-03-08 14:59:32,564 [INFO] PluginManage:196 - Search for loadable plugins [exclusion list=, ]
2023-03-08 14:59:32,574 [INFO] PluginManage:310 - Check plugin analytics
2023-03-08 14:59:37,782 [INFO] AnalyticsPlugin:253 - Accepted Software Licenses: 
2023-03-08 14:59:37,791 [INFO] AnalyticsPlugin:255 - Accepted CMSIS Pack Licenses: 
2023-03-08 14:59:37,793 [INFO] AnalyticsPlugin:257 - Accepted Firmware Licenses: 
2023-03-08 14:59:37,822 [INFO] PluginManage:359 - Loaded plugin analytics (category:tool,tabindex:-1)
2023-03-08 14:59:37,822 [INFO] PluginManage:310 - Check plugin cadmodel
2023-03-08 14:59:37,886 [INFO] CADModel:105 - Init CAD model plugin
2023-03-08 14:59:37,892 [INFO] PluginManage:359 - Loaded plugin cadmodel (category:power,tabindex:5)
2023-03-08 14:59:37,893 [INFO] PluginManage:310 - Check plugin clock
2023-03-08 14:59:37,931 [INFO] PluginManage:359 - Loaded plugin clock (category:base,tabindex:2)
2023-03-08 14:59:37,931 [INFO] PluginManage:310 - Check plugin ddr
2023-03-08 14:59:37,936 [INFO] PluginManage:359 - Loaded plugin ddr (category:tool,tabindex:6)
2023-03-08 14:59:37,936 [INFO] PluginManage:310 - Check plugin filemanager
2023-03-08 14:59:38,490 [INFO] PluginManage:359 - Loaded plugin filemanager (category:base,tabindex:10)
2023-03-08 14:59:38,490 [INFO] PluginManage:310 - Check plugin ipmanager
2023-03-08 14:59:38,529 [INFO] PluginManage:359 - Loaded plugin ipmanager (category:base,tabindex:5)
2023-03-08 14:59:38,529 [INFO] PluginManage:310 - Check plugin lpbam
2023-03-08 14:59:38,594 [INFO] PluginManage:359 - Loaded plugin lpbam (category:base,tabindex:0)
2023-03-08 14:59:38,594 [INFO] PluginManage:310 - Check plugin pinoutandconfiguration
2023-03-08 14:59:38,633 [INFO] PluginManage:359 - Loaded plugin pinoutandconfiguration (category:base,tabindex:1)
2023-03-08 14:59:38,633 [INFO] PluginManage:310 - Check plugin pinoutconfig
2023-03-08 14:59:38,831 [WARN] SupportedApi:132 - Cannot load RTOS API schema: s4s-elt-must-match.1: The content of 'definitions' must match (annotation?, (simpleType | complexType)?, (unique | key | keyref)*)). A problem was found starting at: attribute.
2023-03-08 14:59:39,269 [INFO] PluginManage:359 - Loaded plugin pinoutconfig (category:base,tabindex:0)
2023-03-08 14:59:39,277 [INFO] PluginManage:310 - Check plugin power
2023-03-08 14:59:39,302 [INFO] PluginManage:359 - Loaded plugin power (category:power,tabindex:4)
2023-03-08 14:59:39,302 [INFO] PluginManage:310 - Check plugin projectmanager
2023-03-08 14:59:39,358 [INFO] PluginManage:359 - Loaded plugin projectmanager (category:projectmanager,tabindex:3)
2023-03-08 14:59:39,358 [INFO] PluginManage:310 - Check plugin thirdparty
2023-03-08 14:59:39,776 [WARN] IntegrityCheckThread:84 - waiting for thirdparty lock release [integrity check]
2023-03-08 14:59:39,776 [INFO] PluginManage:359 - Loaded plugin thirdparty (category:base,tabindex:-1)
2023-03-08 14:59:39,776 [INFO] IntegrityCheckThread:86 - entering critical section [integrity check]
2023-03-08 14:59:39,776 [INFO] PluginManage:310 - Check plugin tools
2023-03-08 14:59:39,785 [INFO] ThirdPartyUpdaterWithRetryManager:70 - Updater plugin not ready yet. [1/15]
2023-03-08 14:59:39,787 [INFO] PluginManage:359 - Loaded plugin tools (category:base,tabindex:7)
2023-03-08 14:59:39,787 [INFO] PluginManage:310 - Check plugin tutovideos
2023-03-08 14:59:40,486 [INFO] PluginManage:359 - Loaded plugin tutovideos (category:base,tabindex:-1)
2023-03-08 14:59:40,486 [INFO] PluginManage:310 - Check plugin updater
2023-03-08 14:59:40,530 [INFO] PluginManage:359 - Loaded plugin updater (category:base,tabindex:12)
2023-03-08 14:59:40,536 [INFO] PluginManage:283 - PluginManage : Loaded plugins [15]
2023-03-08 14:59:41,378 [INFO] PinOutPanel:1499 - setPackage(No Configuration,No Configuration)
2023-03-08 14:59:41,627 [INFO] CADModel:165 - CPN selected for project level
2023-03-08 14:59:41,627 [INFO] CADModel:114 - Register for checkConnection events
2023-03-08 14:59:41,679 [INFO] IPUIPlugin:80 - create IPUIPlugin
2023-03-08 14:59:41,679 [INFO] PluginManager:220 - loadIPPluginJar : add adc
2023-03-08 14:59:41,687 [INFO] IPUIPlugin:80 - create IPUIPlugin
2023-03-08 14:59:41,687 [INFO] PluginManager:220 - loadIPPluginJar : add aes
2023-03-08 14:59:41,695 [INFO] IPUIPlugin:80 - create IPUIPlugin
2023-03-08 14:59:41,695 [INFO] PluginManager:220 - loadIPPluginJar : add can
2023-03-08 14:59:41,705 [INFO] IPUIPlugin:80 - create IPUIPlugin
2023-03-08 14:59:41,706 [INFO] PluginManager:220 - loadIPPluginJar : add comp
2023-03-08 14:59:41,714 [INFO] IPUIPlugin:80 - create IPUIPlugin
2023-03-08 14:59:41,714 [INFO] PluginManager:220 - loadIPPluginJar : add cryp
2023-03-08 14:59:41,722 [INFO] IPUIPlugin:80 - create IPUIPlugin
2023-03-08 14:59:41,722 [INFO] PluginManager:220 - loadIPPluginJar : add dfsdm
2023-03-08 14:59:41,740 [INFO] IPUIPlugin:80 - create IPUIPlugin
2023-03-08 14:59:41,740 [INFO] PluginManager:220 - loadIPPluginJar : add dma
2023-03-08 14:59:41,751 [INFO] IPUIPlugin:80 - create IPUIPlugin
2023-03-08 14:59:41,751 [INFO] PluginManager:220 - loadIPPluginJar : add dma3
2023-03-08 14:59:41,759 [INFO] IPUIPlugin:80 - create IPUIPlugin
2023-03-08 14:59:41,759 [INFO] PluginManager:220 - loadIPPluginJar : add fatfs
2023-03-08 14:59:41,778 [INFO] IPUIPlugin:80 - create IPUIPlugin
2023-03-08 14:59:41,778 [INFO] PluginManager:220 - loadIPPluginJar : add fmc
2023-03-08 14:59:41,794 [INFO] IPUIPlugin:80 - create IPUIPlugin
2023-03-08 14:59:41,794 [INFO] PluginManager:220 - loadIPPluginJar : add freertos
2023-03-08 14:59:41,802 [INFO] IPUIPlugin:80 - create IPUIPlugin
2023-03-08 14:59:41,802 [INFO] PluginManager:220 - loadIPPluginJar : add genericplugin
2023-03-08 14:59:41,810 [INFO] IPUIPlugin:80 - create IPUIPlugin
2023-03-08 14:59:41,810 [INFO] PluginManager:220 - loadIPPluginJar : add gfxmmu
2023-03-08 14:59:41,831 [INFO] IPUIPlugin:80 - create IPUIPlugin
2023-03-08 14:59:41,832 [INFO] PluginManager:220 - loadIPPluginJar : add gic
2023-03-08 14:59:41,840 [INFO] IPUIPlugin:80 - create IPUIPlugin
2023-03-08 14:59:41,840 [INFO] PluginManager:220 - loadIPPluginJar : add gpio
2023-03-08 14:59:41,848 [INFO] IPUIPlugin:80 - create IPUIPlugin
2023-03-08 14:59:41,848 [INFO] PluginManager:220 - loadIPPluginJar : add gtzc
2023-03-08 14:59:41,856 [INFO] IPUIPlugin:80 - create IPUIPlugin
2023-03-08 14:59:41,856 [INFO] PluginManager:220 - loadIPPluginJar : add hash
2023-03-08 14:59:41,864 [INFO] IPUIPlugin:80 - create IPUIPlugin
2023-03-08 14:59:41,864 [INFO] PluginManager:220 - loadIPPluginJar : add i2c
2023-03-08 14:59:41,874 [INFO] IPUIPlugin:80 - create IPUIPlugin
2023-03-08 14:59:41,874 [INFO] PluginManager:220 - loadIPPluginJar : add i2s
2023-03-08 14:59:41,882 [INFO] IPUIPlugin:80 - create IPUIPlugin
2023-03-08 14:59:41,882 [INFO] PluginManager:220 - loadIPPluginJar : add i3c
2023-03-08 14:59:41,898 [INFO] IPUIPlugin:80 - create IPUIPlugin
2023-03-08 14:59:41,898 [INFO] PluginManager:220 - loadIPPluginJar : add ipddr
2023-03-08 14:59:41,918 [INFO] IPUIPlugin:80 - create IPUIPlugin
2023-03-08 14:59:41,918 [INFO] PluginManager:220 - loadIPPluginJar : add linkedlist
2023-03-08 14:59:41,926 [INFO] IPUIPlugin:80 - create IPUIPlugin
2023-03-08 14:59:41,926 [INFO] PluginManager:220 - loadIPPluginJar : add lorawan
2023-03-08 14:59:41,934 [INFO] IPUIPlugin:80 - create IPUIPlugin
2023-03-08 14:59:41,934 [INFO] PluginManager:220 - loadIPPluginJar : add ltdc
2023-03-08 14:59:41,971 [INFO] IPUIPlugin:80 - create IPUIPlugin
2023-03-08 14:59:41,971 [INFO] PluginManager:220 - loadIPPluginJar : add mdma
2023-03-08 14:59:41,979 [INFO] IPUIPlugin:80 - create IPUIPlugin
2023-03-08 14:59:41,979 [INFO] PluginManager:220 - loadIPPluginJar : add nvic
2023-03-08 14:59:42,018 [INFO] IPUIPlugin:80 - create IPUIPlugin
2023-03-08 14:59:42,026 [INFO] PluginManager:220 - loadIPPluginJar : add opamp
2023-03-08 14:59:42,034 [INFO] IPUIPlugin:80 - create IPUIPlugin
2023-03-08 14:59:42,034 [INFO] PluginManager:220 - loadIPPluginJar : add openamp
2023-03-08 14:59:42,046 [INFO] IPUIPlugin:80 - create IPUIPlugin
2023-03-08 14:59:42,046 [INFO] PluginManager:220 - loadIPPluginJar : add pdm2pcm
2023-03-08 14:59:42,072 [INFO] IPUIPlugin:80 - create IPUIPlugin
2023-03-08 14:59:42,081 [INFO] PluginManager:220 - loadIPPluginJar : add plateformsettings
2023-03-08 14:59:42,089 [INFO] IPUIPlugin:80 - create IPUIPlugin
2023-03-08 14:59:42,089 [INFO] PluginManager:220 - loadIPPluginJar : add quadspi
2023-03-08 14:59:42,097 [INFO] IPUIPlugin:80 - create IPUIPlugin
2023-03-08 14:59:42,097 [INFO] PluginManager:220 - loadIPPluginJar : add resmgrutility
2023-03-08 14:59:42,106 [INFO] IPUIPlugin:80 - create IPUIPlugin
2023-03-08 14:59:42,106 [INFO] PluginManager:220 - loadIPPluginJar : add sai
2023-03-08 14:59:42,114 [INFO] IPUIPlugin:80 - create IPUIPlugin
2023-03-08 14:59:42,122 [INFO] PluginManager:220 - loadIPPluginJar : add spi
2023-03-08 14:59:42,130 [INFO] IPUIPlugin:80 - create IPUIPlugin
2023-03-08 14:59:42,138 [INFO] PluginManager:220 - loadIPPluginJar : add stm32_wpan
2023-03-08 14:59:42,170 [INFO] IPUIPlugin:80 - create IPUIPlugin
2023-03-08 14:59:42,171 [INFO] PluginManager:220 - loadIPPluginJar : add tim
2023-03-08 14:59:42,176 [INFO] IPUIPlugin:80 - create IPUIPlugin
2023-03-08 14:59:42,176 [INFO] PluginManager:220 - loadIPPluginJar : add touchsensing
2023-03-08 14:59:42,187 [INFO] IPUIPlugin:80 - create IPUIPlugin
2023-03-08 14:59:42,188 [INFO] PluginManager:220 - loadIPPluginJar : add tracer_emb
2023-03-08 14:59:42,188 [INFO] IPUIPlugin:80 - create IPUIPlugin
2023-03-08 14:59:42,188 [INFO] PluginManager:220 - loadIPPluginJar : add ts
2023-03-08 14:59:42,196 [INFO] IPUIPlugin:80 - create IPUIPlugin
2023-03-08 14:59:42,196 [INFO] PluginManager:220 - loadIPPluginJar : add tsc
2023-03-08 14:59:42,202 [INFO] IPUIPlugin:80 - create IPUIPlugin
2023-03-08 14:59:42,202 [INFO] PluginManager:220 - loadIPPluginJar : add ucpd
2023-03-08 14:59:42,204 [INFO] IPUIPlugin:80 - create IPUIPlugin
2023-03-08 14:59:42,204 [INFO] PluginManager:220 - loadIPPluginJar : add usart
2023-03-08 14:59:42,218 [INFO] IPUIPlugin:80 - create IPUIPlugin
2023-03-08 14:59:42,218 [INFO] PluginManager:220 - loadIPPluginJar : add usbx
2023-03-08 14:59:42,538 [INFO] CADModel:165 - CPN selected for project level
2023-03-08 14:59:42,539 [INFO] CADModel:114 - Register for checkConnection events
2023-03-08 14:59:42,540 [FATAL] Updater:308 - Updater called before beeing initialized
2023-03-08 14:59:42,541 [ERROR] CADModel:125 - Updater not yet initialized, retry later 
2023-03-08 14:59:42,789 [INFO] ThirdPartyUpdaterWithRetryManager:70 - Updater plugin not ready yet. [2/15]
2023-03-08 14:59:43,015 [INFO] CADModel:165 - CPN selected for project level
2023-03-08 14:59:43,015 [INFO] CADModel:114 - Register for checkConnection events
2023-03-08 14:59:43,016 [FATAL] Updater:308 - Updater called before beeing initialized
2023-03-08 14:59:43,016 [ERROR] CADModel:125 - Updater not yet initialized, retry later 
2023-03-08 14:59:43,021 [FATAL] Updater:308 - Updater called before beeing initialized
2023-03-08 14:59:43,401 [FATAL] Updater:308 - Updater called before beeing initialized
2023-03-08 14:59:43,436 [INFO] DbMcusAds:53 - JSON generation date=Thu Sep 30 08:55:09 CEST 2021 (1632984909247)
2023-03-08 14:59:43,436 [FATAL] Updater:308 - Updater called before beeing initialized
2023-03-08 14:59:43,696 [WARN] DetailPanel:346 - Failed to get advertising image, set to default
2023-03-08 14:59:44,136 [FATAL] Updater:308 - Updater called before beeing initialized
2023-03-08 14:59:44,136 [FATAL] Updater:308 - Updater called before beeing initialized
2023-03-08 14:59:44,136 [FATAL] Updater:308 - Updater called before beeing initialized
2023-03-08 14:59:44,136 [WARN] DetailPanel:346 - Failed to get advertising image, set to default
2023-03-08 14:59:44,145 [FATAL] Updater:308 - Updater called before beeing initialized
2023-03-08 14:59:44,315 [ERROR] Updater:1120 - MainUpdater not yet initialized. External WinMGr cannot be set.
2023-03-08 14:59:44,323 [INFO] Updater:1056 - Updater Version found : 6.8.0
2023-03-08 14:59:44,365 [INFO] ApplicationProperties:184 - Using Application install path: C:\ST\STM32CubeIDE_1.12.0\STM32CubeIDE\plugins\com.st.stm32cube.common.mx_6.8.0.202302231600
2023-03-08 14:59:44,506 [INFO] MainUpdater:519 - Copy updater definitions from MX database
2023-03-08 14:59:44,653 [INFO] MainUpdater:2854 - connection check result : 10
2023-03-08 14:59:44,654 [INFO] MainUpdater:3548 - Updater definition file requires update
2023-03-08 14:59:44,657 [INFO] MainUpdater:283 - Updater Check For Update Now.
2023-03-08 14:59:44,657 [INFO] MicroXplorer:498 - Change Database Version : DB.6.0.80
2023-03-08 14:59:44,712 [INFO] ServerAccessManage:473 - Download File updaters.zip
2023-03-08 14:59:44,835 [INFO] FileExtend:240 - Unzip File : updaters.zip
2023-03-08 14:59:44,836 [INFO] FileExtend:255 - Standard Zip Deflate
2023-03-08 14:59:45,793 [WARN] MainUpdater:1187 - Updater busy. Cannot search thirdparties
2023-03-08 14:59:45,793 [INFO] ThirdPartyUpdaterWithRetryManager:96 - Updater plugin is busy. [1/15]
2023-03-08 14:59:46,335 [INFO] ServerAccessManage:473 - Download File PacksControlFlags.xml
2023-03-08 14:59:46,428 [INFO] ServerAccessManage:473 - Download File cubemx.pidx
2023-03-08 14:59:46,754 [INFO] LoadServerUpdatesThread:373 - End of LoadServerUpdate Thread
2023-03-08 14:59:47,039 [INFO] CheckServerUpdateThread:120 - End of CheckServer Thread
2023-03-08 14:59:47,062 [INFO] MainUpdater:2854 - connection check result : 10
2023-03-08 14:59:47,070 [INFO] McuFinderGlobals:66 - Set McuFinderConnectedMode to true
2023-03-08 14:59:47,381 [INFO] ServerAccessManage:473 - Download File mcusAds.json._tmp_
2023-03-08 14:59:47,510 [INFO] LoadUrlFilesThread:156 - End of LoadUrlFiles Thread
2023-03-08 14:59:47,673 [INFO] ServerAccessManage:473 - Download File cube-finder-db.zip
2023-03-08 14:59:48,802 [WARN] MainUpdater:1187 - Updater busy. Cannot search thirdparties
2023-03-08 14:59:48,803 [INFO] ThirdPartyUpdaterWithRetryManager:96 - Updater plugin is busy. [2/15]
2023-03-08 14:59:51,813 [WARN] MainUpdater:1187 - Updater busy. Cannot search thirdparties
2023-03-08 14:59:51,814 [INFO] ThirdPartyUpdaterWithRetryManager:96 - Updater plugin is busy. [3/15]
2023-03-08 14:59:51,893 [INFO] FileExtend:240 - Unzip File : cube-finder-db.zip
2023-03-08 14:59:51,894 [INFO] FileExtend:255 - Standard Zip Deflate
2023-03-08 14:59:53,609 [INFO] LoadUrlFilesThread:156 - End of LoadUrlFiles Thread
2023-03-08 14:59:53,776 [INFO] ServerAccessManage:473 - Download File crdb.zip
2023-03-08 14:59:53,964 [INFO] FileExtend:240 - Unzip File : crdb.zip
2023-03-08 14:59:53,964 [INFO] FileExtend:255 - Standard Zip Deflate
2023-03-08 14:59:54,115 [INFO] LoadUrlFilesThread:156 - End of LoadUrlFiles Thread
2023-03-08 14:59:54,260 [INFO] ServerAccessManage:473 - Download File tutoVideoDB.zip
2023-03-08 14:59:54,283 [INFO] FileExtend:240 - Unzip File : tutoVideoDB.zip
2023-03-08 14:59:54,284 [INFO] FileExtend:255 - Standard Zip Deflate
2023-03-08 14:59:54,421 [INFO] LoadUrlFilesThread:156 - End of LoadUrlFiles Thread
2023-03-08 14:59:54,427 [WARN] DbFile:41 - Overriding database path with different value: C:\Users\hlecoz\.stmcufinder\plugins\mcufinder/ => C:\Users\hlecoz\.stmcufinder\plugins\mcufinder
2023-03-08 14:59:54,567 [INFO] ServerAccessManage:473 - Download File api_config.json
2023-03-08 14:59:54,696 [INFO] LoadUrlFilesThread:156 - End of LoadUrlFiles Thread
2023-03-08 14:59:54,698 [INFO] DbMcusAds:53 - JSON generation date=Tue Mar 07 09:50:55 CET 2023 (1678179055335)
2023-03-08 14:59:54,794 [INFO] ServerAccessManage:473 - Download File 
2023-03-08 14:59:54,801 [INFO] LoadUrlFilesThread:185 - End of LoadServerUrlFiles without Thread
2023-03-08 14:59:54,801 [INFO] TargetSelectorAdapter:259 - Refresh data is successful
2023-03-08 14:59:55,113 [INFO] ApiDb:581 - Connected to CubeFinder SQLite database (C:\Users\hlecoz\.stmcufinder\plugins\mcufinder\mcu\cube-finder-db.db)
2023-03-08 14:59:55,288 [WARN] PackLoader:240 - Cannot read IP mode file for STMicroelectronics.X-CUBE-GNSS1.6.0.0
2023-03-08 14:59:55,300 [INFO] ApiDb:668 - CubeFinder database Data Model version=2.1
2023-03-08 14:59:55,300 [INFO] ApiDb:669 - CubeFinder database Configuration version=3.0.35
2023-03-08 14:59:55,300 [INFO] ApiDb:670 - CubeFinder database generation date=2023-02-21 (1676964986)
2023-03-08 14:59:55,301 [INFO] ApiDb:671 - CubeFinder database FW Pack versions=[FP-ATR-ASTRA1_V1.1.1, STM32Cube_FW_C0_V1.0.1, STM32Cube_FW_F0_V1.11.4, STM32Cube_FW_F3_V1.11.4, STM32Cube_FW_F4_V1.27.1, STM32Cube_FW_F7_V1.17.0, STM32Cube_FW_G0_V1.6.1, STM32Cube_FW_G4_V1.5.1, STM32Cube_FW_H5_V0.5.1, STM32Cube_FW_H5_V1.0.0, STM32Cube_FW_H7_V1.11.0, STM32Cube_FW_L0_V1.12.2, STM32Cube_FW_L5_V1.5.0, STM32Cube_FW_U5_V1.2.0, STM32Cube_FW_WBA_V1.0.0, STM32Cube_FW_WBA_V1.0.0RC1, STM32Cube_FW_WBA_V1.0.0RC3, STM32Cube_FW_WB_V1.15.0RC1, STM32Cube_FW_WB_V1.16.0, STM32Cube_FW_WB_V1.16.0RC2, STM32Cube_FW_WL_V1.3.0, X-CUBE-ALGOBUILD_V1.3.0, X-CUBE-ALS_V1.0.1, X-CUBE-AZRTOS-F4_V1.1.0, X-CUBE-AZRTOS-F7_V1.1.0, X-CUBE-AZRTOS-G0_V1.1.0, X-CUBE-AZRTOS-G4_V1.0.0, X-CUBE-AZRTOS-H7_V3.0.0, X-CUBE-AZRTOS-L4_V1.0.0, X-CUBE-AZRTOS-L5_V1.1.0, X-CUBE-AZRTOS-WB_V1.1.0, X-CUBE-AZRTOS-WL_V1.0.0, X-CUBE-BLE1_V6.2.4, X-CUBE-BLE2_V3.3.0, X-CUBE-BLEMGR_V1.3.0, X-CUBE-EEPRMA1_V4.1.0, X-CUBE-GNSS1_V6.0.0, X-CUBE-MEMS1_V9.1.0, X-CUBE-MEMS1_V9.4.0, X-CUBE-MEMS1_V9.5.0, X-CUBE-NFC4_V3.0.0, X-CUBE-NFC7_V1.0.0, X-CUBE-SFXS2LP1_V4.0.0, X-CUBE-SUBG2_V5.0.0]
2023-03-08 14:59:55,382 [WARN] PackLoader:240 - Cannot read IP mode file for STMicroelectronics.X-CUBE-AZRTOS-F4.1.1.0
2023-03-08 14:59:55,520 [WARN] PackLoader:240 - Cannot read IP mode file for STMicroelectronics.X-CUBE-AZRTOS-F7.1.1.0
2023-03-08 14:59:55,549 [WARN] PackLoader:240 - Cannot read IP mode file for STMicroelectronics.X-CUBE-BLE1.6.2.4
2023-03-08 14:59:55,591 [WARN] PackLoader:240 - Cannot read IP mode file for emotas.I-CUBE-CANOPEN.1.1.3
2023-03-08 14:59:55,609 [WARN] PackLoader:240 - Cannot read IP mode file for STMicroelectronics.X-CUBE-BLEMGR.2.0.0
2023-03-08 14:59:55,641 [WARN] PackLoader:240 - Cannot read IP mode file for STMicroelectronics.X-CUBE-DISPLAY.3.0.0
2023-03-08 14:59:55,667 [WARN] PackLoader:240 - Cannot read IP mode file for wolfSSL.I-CUBE-wolfSSL.5.5.4
2023-03-08 14:59:55,680 [WARN] PackLoader:240 - Cannot read IP mode file for STMicroelectronics.X-CUBE-NFC7.1.0.0
2023-03-08 14:59:55,697 [WARN] PackLoader:240 - Cannot read IP mode file for STMicroelectronics.X-CUBE-EEPRMA1.4.1.0
2023-03-08 14:59:55,715 [WARN] PackLoader:240 - Cannot read IP mode file for STMicroelectronics.X-CUBE-SFXS2LP1.4.0.0
2023-03-08 14:59:55,733 [WARN] PackLoader:240 - Cannot read IP mode file for STMicroelectronics.X-CUBE-BLE2.3.3.0
2023-03-08 14:59:55,756 [WARN] PackLoader:240 - Cannot read IP mode file for STMicroelectronics.X-CUBE-TOF1.3.2.0
2023-03-08 14:59:55,794 [WARN] PackLoader:240 - Cannot read IP mode file for STMicroelectronics.X-CUBE-AZRTOS-H7.3.0.0
2023-03-08 14:59:55,813 [WARN] PackLoader:240 - Cannot read IP mode file for STMicroelectronics.X-CUBE-ISPU.1.1.0
2023-03-08 14:59:55,837 [WARN] PackLoader:240 - Cannot read IP mode file for RoweBots.I-CUBE-UNISONRTOS.5.5.0-4
2023-03-08 14:59:55,847 [WARN] PackLoader:240 - Cannot read IP mode file for STMicroelectronics.X-CUBE-AI.8.0.0
2023-03-08 14:59:55,861 [WARN] PackLoader:240 - Cannot read IP mode file for STMicroelectronics.X-CUBE-FREERTOS.1.0.0
2023-03-08 14:59:55,873 [WARN] PackLoader:240 - Cannot read IP mode file for STMicroelectronics.X-CUBE-TOUCHGFX.4.21.1
2023-03-08 14:59:55,879 [WARN] PackLoader:240 - Cannot read IP mode file for STMicroelectronics.X-CUBE-AI.7.3.0
2023-03-08 14:59:55,893 [WARN] PackLoader:240 - Cannot read IP mode file for STMicroelectronics.X-CUBE-ALGOBUILD.1.3.0
2023-03-08 14:59:55,915 [WARN] PackLoader:240 - Cannot read IP mode file for STMicroelectronics.X-CUBE-AZRTOS-L5.1.1.0
2023-03-08 14:59:55,972 [WARN] PackLoader:240 - Cannot read IP mode file for STMicroelectronics.X-CUBE-AZRTOS-G0.1.1.0
2023-03-08 14:59:56,000 [WARN] PackLoader:240 - Cannot read IP mode file for STMicroelectronics.X-CUBE-SUBG2.5.0.0
2023-03-08 14:59:56,022 [WARN] PackLoader:240 - Cannot read IP mode file for STMicroelectronics.X-CUBE-NFC4.3.0.0
2023-03-08 14:59:56,036 [WARN] PackLoader:240 - Cannot read IP mode file for STMicroelectronics.FP-ATR-ASTRA1.1.1.1
2023-03-08 14:59:56,048 [WARN] PackLoader:240 - Cannot read IP mode file for STMicroelectronics.X-CUBE-BLEMGR.1.3.0
2023-03-08 14:59:56,078 [WARN] PackLoader:240 - Cannot read IP mode file for STMicroelectronics.X-CUBE-AZRTOS-G4.1.0.0
2023-03-08 14:59:56,095 [WARN] PackLoader:240 - Cannot read IP mode file for STMicroelectronics.FP-ATR-SIGFOX1.3.2.0
2023-03-08 14:59:56,131 [WARN] PackLoader:240 - Cannot read IP mode file for STMicroelectronics.X-CUBE-AZRTOS-L4.1.0.0
2023-03-08 14:59:56,163 [WARN] PackLoader:240 - Cannot read IP mode file for STMicroelectronics.X-CUBE-AZRTOS-WL.1.0.0
2023-03-08 14:59:56,180 [WARN] PackLoader:240 - Cannot read IP mode file for portGmbH.I-Cube-SoM-uGOAL.1.1.0
2023-03-08 14:59:56,195 [WARN] PackLoader:240 - Cannot read IP mode file for STMicroelectronics.X-CUBE-ALS.1.0.1
2023-03-08 14:59:56,237 [WARN] PackLoader:240 - Cannot read IP mode file for STMicroelectronics.X-CUBE-MEMS1.9.5.0
2023-03-08 14:59:56,499 [WARN] PackLoader:240 - Cannot read IP mode file for STMicroelectronics.X-CUBE-AZRTOS-WB.1.1.0
2023-03-08 14:59:56,558 [WARN] PackLoader:240 - Cannot read IP mode file for SEGGER.I-CUBE-embOS.1.3.1
2023-03-08 14:59:56,606 [INFO] ThirdParty:978 - Integrity check success = true
2023-03-08 14:59:56,606 [INFO] IntegrityCheckThread:100 - exiting critical section [integrity check]
2023-03-08 14:59:56,606 [INFO] IntegrityCheckThread:103 - End integrity checks thread
2023-03-08 14:59:58,839 [INFO] ApiDb:240 - Found 297 in-development CPN: [B-G473E-ZEST1S, B-WB1M-WPAN1, B-WL5M-SUBG1, NUCLEO-C031C6, NUCLEO-H503RB, NUCLEO-H563ZI, NUCLEO-U545RE-Q, NUCLEO-U5A5ZJ-Q, NUCLEO-WBA52CG, STEVAL-PROTEUS1, STEVAL-STWINBX1, STM320518-EVAL, STM32C0116-DK, STM32C011D6Y3TR, STM32C011D6Y6TR, STM32C011F4P3, STM32C011F4P6, STM32C011F4U3, STM32C011F4U6TR, STM32C011F6P3, STM32C011F6P6, STM32C011F6U3, STM32C011F6U6TR, STM32C011J4M3, STM32C011J4M6, STM32C011J6M3, STM32C011J6M6, STM32C0316-DK, STM32C031C4T3, STM32C031C4T6, STM32C031C4U3, STM32C031C4U6, STM32C031C6T3, STM32C031C6T6, STM32C031C6U3, STM32C031C6U6, STM32C031F4P3, STM32C031F4P6, STM32C031F6P3, STM32C031F6P6, STM32C031G4U3, STM32C031G4U6, STM32C031G6U3, STM32C031G6U6, STM32C031K4T3, STM32C031K4T6, STM32C031K4U3, STM32C031K4U6, STM32C031K6T3, STM32C031K6T6, STM32C031K6U3, STM32C031K6U6, STM32G071K8TXN, STM32G071K8UXN, STM32G081GBU6N, STM32G081KBT6N, STM32G081KBUXN, STM32G0B1CCT6N, STM32G0B1KCT6, STM32G0B1NEY6TR, STM32G0B1RCT6N, STM32G0C1CCT6, STM32G0C1CCT6N, STM32G0C1CCU6N, STM32G0C1CET6N, STM32G0C1CEU6N, STM32G0C1KCT6, STM32G0C1NEY6TR, STM32G0C1RCI6N, STM32G0C1RCT6N, STM32G0C1REI6N, STM32G0C1RET6N, STM32G0C1VCI6, STM32G0C1VEI6, STM32G471CCT6, STM32G471CCU6, STM32G471CET3, STM32G471CET6, STM32G471CEU3, STM32G471CEU6, STM32G471MCT6, STM32G471MET3, STM32G471MET6, STM32G471MEY6TR, STM32G471QCT6, STM32G471QET3, STM32G471RCT6, STM32G471RET3, STM32G471RET6, STM32G471VCH6, STM32G471VCI6, STM32G471VCT6, STM32G471VEH3, STM32G471VEH6, STM32G471VEI3, STM32G471VEI6, STM32G471VET3, STM32G471VET6, STM32G474CCT6, STM32H503CBT6, STM32H503CBU6, STM32H503EBY6TR, STM32H503KBU6, STM32H503RBT6, STM32H562AGI6, STM32H562AII6, STM32H562IGK6, STM32H562IGT6, STM32H562IIK6, STM32H562IIT6, STM32H562RGT6, STM32H562RGV6, STM32H562RIT6, STM32H562RIV6, STM32H562VGT6, STM32H562VIT6, STM32H562ZGT6, STM32H562ZIT6, STM32H563AGI6, STM32H563AII3Q, STM32H563AII6, STM32H563IGK6, STM32H563IGT6, STM32H563IIK3Q, STM32H563IIK6, STM32H563IIT3Q, STM32H563IIT6, STM32H563MIY3QTR, STM32H563RGT6, STM32H563RGV6, STM32H563RIT6, STM32H563RIV6, STM32H563VGT6, STM32H563VIT3Q, STM32H563VIT6, STM32H563ZGT6, STM32H563ZIT3Q, STM32H563ZIT6, STM32H573AII3Q, STM32H573AII6, STM32H573I-DK, STM32H573IIK3Q, STM32H573IIK6, STM32H573IIT3Q, STM32H573IIT6, STM32H573MIY3QTR, STM32H573RIT6, STM32H573RIV6, STM32H573VIT3Q, STM32H573VIT6, STM32H573ZIT3Q, STM32H573ZIT6, STM32L4R5QGI6STR, STM32MP131AAE3, STM32MP131AAF3, STM32MP131AAG3, STM32MP131CAE3, STM32MP131CAF3, STM32MP131CAG3, STM32MP131DAE7, STM32MP131DAF7, STM32MP131DAG7, STM32MP131FAE7, STM32MP131FAF7, STM32MP131FAG7, STM32MP133AAE3, STM32MP133AAF3, STM32MP133AAG3, STM32MP133CAE3, STM32MP133CAF3, STM32MP133CAG3, STM32MP133DAE7, STM32MP133DAF7, STM32MP133DAG7, STM32MP133FAE7, STM32MP133FAF7, STM32MP133FAG7, STM32MP135AAE3, STM32MP135AAF3, STM32MP135AAG3, STM32MP135CAE3, STM32MP135CAF3, STM32MP135CAG3, STM32MP135DAE7, STM32MP135DAF7, STM32MP135DAG7, STM32MP135F-DK, STM32MP135FAE7, STM32MP135FAF7, STM32MP135FAF7T, STM32MP135FAF7U, STM32MP135FAG7, STM32U535CBT6, STM32U535CBT6Q, STM32U535CBU6, STM32U535CBU6Q, STM32U535CCT6, STM32U535CCT6Q, STM32U535CCU6, STM32U535CCU6Q, STM32U535CET6, STM32U535CET6Q, STM32U535CEU6, STM32U535CEU6Q, STM32U535JEY6QTR, STM32U535NCY6QTR, STM32U535NEY6QTR, STM32U535RBI6, STM32U535RBI6Q, STM32U535RBT6, STM32U535RBT6Q, STM32U535RCI6, STM32U535RCI6Q, STM32U535RCT6, STM32U535RCT6Q, STM32U535REI6, STM32U535REI6Q, STM32U535RET6, STM32U535RET6Q, STM32U535VCI6, STM32U535VCI6Q, STM32U535VCT6, STM32U535VCT6Q, STM32U535VEI6, STM32U535VEI6Q, STM32U535VET6, STM32U535VET6Q, STM32U545CET6, STM32U545CET6Q, STM32U545CEU6, STM32U545CEU6Q, STM32U545JEY6QTR, STM32U545NEY6QTR, STM32U545REI6, STM32U545REI6Q, STM32U545RET6, STM32U545RET6Q, STM32U545VEI6, STM32U545VEI6Q, STM32U545VET6, STM32U545VET6Q, STM32U595AIH6, STM32U595AIH6Q, STM32U595AJH6, STM32U595AJH6Q, STM32U595QII6, STM32U595QII6Q, STM32U595QJI6, STM32U595QJI6Q, STM32U595RIT6, STM32U595RIT6Q, STM32U595RJT6, STM32U595RJT6Q, STM32U595VIT6, STM32U595VIT6Q, STM32U595VJT6, STM32U595VJT6Q, STM32U595ZIT6, STM32U595ZIT6Q, STM32U595ZIY6QTR, STM32U595ZJT6, STM32U595ZJT6Q, STM32U595ZJY6QTR, STM32U599BJY6QTR, STM32U599NIH6Q, STM32U599NJH6Q, STM32U599VIT6Q, STM32U599VJT6, STM32U599VJT6Q, STM32U599ZIT6Q, STM32U599ZIY6QTR, STM32U599ZJT6Q, STM32U599ZJY6QTR, STM32U5A5AJH6, STM32U5A5AJH6Q, STM32U5A5QJI6, STM32U5A5QJI6Q, STM32U5A5RJT6, STM32U5A5RJT6Q, STM32U5A5VJT6, STM32U5A5VJT6Q, STM32U5A5ZJT6, STM32U5A5ZJT6Q, STM32U5A5ZJY6QTR, STM32U5A9BJY6QTR, STM32U5A9J-DK, STM32U5A9NJH6Q, STM32U5A9VJT6Q, STM32U5A9ZJT6Q, STM32U5A9ZJY6QTR, STM32WB1MMCH6, STM32WBA52CEU6, STM32WBA52CEU6T, STM32WBA52CGU6, STM32WBA52CGU6T, STM32WL5MOCH6, STM32WL5MOCH6TR]
2023-03-08 14:59:58,846 [INFO] DbMcus:216 - Found 3772 MCUs, 3772 are supported
2023-03-08 14:59:58,853 [INFO] ApiDb:414 - User favorites file not found: C:\Users\hlecoz/.stm32cubeide/favorites.mcus.txt
2023-03-08 14:59:58,853 [INFO] DbMcus:222 - Set 0 / 0 favorites MCUs
2023-03-08 14:59:59,278 [INFO] ApiDb:668 - CubeFinder database Data Model version=2.1
2023-03-08 14:59:59,278 [INFO] ApiDb:669 - CubeFinder database Configuration version=3.0.35
2023-03-08 14:59:59,278 [INFO] ApiDb:670 - CubeFinder database generation date=2023-02-21 (1676964986)
2023-03-08 14:59:59,278 [INFO] ApiDb:671 - CubeFinder database FW Pack versions=[FP-ATR-ASTRA1_V1.1.1, STM32Cube_FW_C0_V1.0.1, STM32Cube_FW_F0_V1.11.4, STM32Cube_FW_F3_V1.11.4, STM32Cube_FW_F4_V1.27.1, STM32Cube_FW_F7_V1.17.0, STM32Cube_FW_G0_V1.6.1, STM32Cube_FW_G4_V1.5.1, STM32Cube_FW_H5_V0.5.1, STM32Cube_FW_H5_V1.0.0, STM32Cube_FW_H7_V1.11.0, STM32Cube_FW_L0_V1.12.2, STM32Cube_FW_L5_V1.5.0, STM32Cube_FW_U5_V1.2.0, STM32Cube_FW_WBA_V1.0.0, STM32Cube_FW_WBA_V1.0.0RC1, STM32Cube_FW_WBA_V1.0.0RC3, STM32Cube_FW_WB_V1.15.0RC1, STM32Cube_FW_WB_V1.16.0, STM32Cube_FW_WB_V1.16.0RC2, STM32Cube_FW_WL_V1.3.0, X-CUBE-ALGOBUILD_V1.3.0, X-CUBE-ALS_V1.0.1, X-CUBE-AZRTOS-F4_V1.1.0, X-CUBE-AZRTOS-F7_V1.1.0, X-CUBE-AZRTOS-G0_V1.1.0, X-CUBE-AZRTOS-G4_V1.0.0, X-CUBE-AZRTOS-H7_V3.0.0, X-CUBE-AZRTOS-L4_V1.0.0, X-CUBE-AZRTOS-L5_V1.1.0, X-CUBE-AZRTOS-WB_V1.1.0, X-CUBE-AZRTOS-WL_V1.0.0, X-CUBE-BLE1_V6.2.4, X-CUBE-BLE2_V3.3.0, X-CUBE-BLEMGR_V1.3.0, X-CUBE-EEPRMA1_V4.1.0, X-CUBE-GNSS1_V6.0.0, X-CUBE-MEMS1_V9.1.0, X-CUBE-MEMS1_V9.4.0, X-CUBE-MEMS1_V9.5.0, X-CUBE-NFC4_V3.0.0, X-CUBE-NFC7_V1.0.0, X-CUBE-SFXS2LP1_V4.0.0, X-CUBE-SUBG2_V5.0.0]
2023-03-08 14:59:59,423 [INFO] DbBoardsSqlite:226 - include board P-NUCLEO-WB55-NUCLEO as a kit item of type 'Nucleo-64'
2023-03-08 14:59:59,423 [INFO] DbBoardsSqlite:226 - include board P-NUCLEO-WB55-USBDONGLE as a kit item of type 'Nucleo USB Dongle'
2023-03-08 14:59:59,423 [INFO] DbBoardsSqlite:226 - include board STEVAL-IDP005V1 as a kit item of type 'Evaluation Board'
2023-03-08 14:59:59,423 [INFO] DbBoardsSqlite:226 - include board STEVAL-IDP005V2 as a kit item of type 'Evaluation Board'
2023-03-08 14:59:59,581 [INFO] ApiDb:240 - Found 297 in-development CPN: [B-G473E-ZEST1S, B-WB1M-WPAN1, B-WL5M-SUBG1, NUCLEO-C031C6, NUCLEO-H503RB, NUCLEO-H563ZI, NUCLEO-U545RE-Q, NUCLEO-U5A5ZJ-Q, NUCLEO-WBA52CG, STEVAL-PROTEUS1, STEVAL-STWINBX1, STM320518-EVAL, STM32C0116-DK, STM32C011D6Y3TR, STM32C011D6Y6TR, STM32C011F4P3, STM32C011F4P6, STM32C011F4U3, STM32C011F4U6TR, STM32C011F6P3, STM32C011F6P6, STM32C011F6U3, STM32C011F6U6TR, STM32C011J4M3, STM32C011J4M6, STM32C011J6M3, STM32C011J6M6, STM32C0316-DK, STM32C031C4T3, STM32C031C4T6, STM32C031C4U3, STM32C031C4U6, STM32C031C6T3, STM32C031C6T6, STM32C031C6U3, STM32C031C6U6, STM32C031F4P3, STM32C031F4P6, STM32C031F6P3, STM32C031F6P6, STM32C031G4U3, STM32C031G4U6, STM32C031G6U3, STM32C031G6U6, STM32C031K4T3, STM32C031K4T6, STM32C031K4U3, STM32C031K4U6, STM32C031K6T3, STM32C031K6T6, STM32C031K6U3, STM32C031K6U6, STM32G071K8TXN, STM32G071K8UXN, STM32G081GBU6N, STM32G081KBT6N, STM32G081KBUXN, STM32G0B1CCT6N, STM32G0B1KCT6, STM32G0B1NEY6TR, STM32G0B1RCT6N, STM32G0C1CCT6, STM32G0C1CCT6N, STM32G0C1CCU6N, STM32G0C1CET6N, STM32G0C1CEU6N, STM32G0C1KCT6, STM32G0C1NEY6TR, STM32G0C1RCI6N, STM32G0C1RCT6N, STM32G0C1REI6N, STM32G0C1RET6N, STM32G0C1VCI6, STM32G0C1VEI6, STM32G471CCT6, STM32G471CCU6, STM32G471CET3, STM32G471CET6, STM32G471CEU3, STM32G471CEU6, STM32G471MCT6, STM32G471MET3, STM32G471MET6, STM32G471MEY6TR, STM32G471QCT6, STM32G471QET3, STM32G471RCT6, STM32G471RET3, STM32G471RET6, STM32G471VCH6, STM32G471VCI6, STM32G471VCT6, STM32G471VEH3, STM32G471VEH6, STM32G471VEI3, STM32G471VEI6, STM32G471VET3, STM32G471VET6, STM32G474CCT6, STM32H503CBT6, STM32H503CBU6, STM32H503EBY6TR, STM32H503KBU6, STM32H503RBT6, STM32H562AGI6, STM32H562AII6, STM32H562IGK6, STM32H562IGT6, STM32H562IIK6, STM32H562IIT6, STM32H562RGT6, STM32H562RGV6, STM32H562RIT6, STM32H562RIV6, STM32H562VGT6, STM32H562VIT6, STM32H562ZGT6, STM32H562ZIT6, STM32H563AGI6, STM32H563AII3Q, STM32H563AII6, STM32H563IGK6, STM32H563IGT6, STM32H563IIK3Q, STM32H563IIK6, STM32H563IIT3Q, STM32H563IIT6, STM32H563MIY3QTR, STM32H563RGT6, STM32H563RGV6, STM32H563RIT6, STM32H563RIV6, STM32H563VGT6, STM32H563VIT3Q, STM32H563VIT6, STM32H563ZGT6, STM32H563ZIT3Q, STM32H563ZIT6, STM32H573AII3Q, STM32H573AII6, STM32H573I-DK, STM32H573IIK3Q, STM32H573IIK6, STM32H573IIT3Q, STM32H573IIT6, STM32H573MIY3QTR, STM32H573RIT6, STM32H573RIV6, STM32H573VIT3Q, STM32H573VIT6, STM32H573ZIT3Q, STM32H573ZIT6, STM32L4R5QGI6STR, STM32MP131AAE3, STM32MP131AAF3, STM32MP131AAG3, STM32MP131CAE3, STM32MP131CAF3, STM32MP131CAG3, STM32MP131DAE7, STM32MP131DAF7, STM32MP131DAG7, STM32MP131FAE7, STM32MP131FAF7, STM32MP131FAG7, STM32MP133AAE3, STM32MP133AAF3, STM32MP133AAG3, STM32MP133CAE3, STM32MP133CAF3, STM32MP133CAG3, STM32MP133DAE7, STM32MP133DAF7, STM32MP133DAG7, STM32MP133FAE7, STM32MP133FAF7, STM32MP133FAG7, STM32MP135AAE3, STM32MP135AAF3, STM32MP135AAG3, STM32MP135CAE3, STM32MP135CAF3, STM32MP135CAG3, STM32MP135DAE7, STM32MP135DAF7, STM32MP135DAG7, STM32MP135F-DK, STM32MP135FAE7, STM32MP135FAF7, STM32MP135FAF7T, STM32MP135FAF7U, STM32MP135FAG7, STM32U535CBT6, STM32U535CBT6Q, STM32U535CBU6, STM32U535CBU6Q, STM32U535CCT6, STM32U535CCT6Q, STM32U535CCU6, STM32U535CCU6Q, STM32U535CET6, STM32U535CET6Q, STM32U535CEU6, STM32U535CEU6Q, STM32U535JEY6QTR, STM32U535NCY6QTR, STM32U535NEY6QTR, STM32U535RBI6, STM32U535RBI6Q, STM32U535RBT6, STM32U535RBT6Q, STM32U535RCI6, STM32U535RCI6Q, STM32U535RCT6, STM32U535RCT6Q, STM32U535REI6, STM32U535REI6Q, STM32U535RET6, STM32U535RET6Q, STM32U535VCI6, STM32U535VCI6Q, STM32U535VCT6, STM32U535VCT6Q, STM32U535VEI6, STM32U535VEI6Q, STM32U535VET6, STM32U535VET6Q, STM32U545CET6, STM32U545CET6Q, STM32U545CEU6, STM32U545CEU6Q, STM32U545JEY6QTR, STM32U545NEY6QTR, STM32U545REI6, STM32U545REI6Q, STM32U545RET6, STM32U545RET6Q, STM32U545VEI6, STM32U545VEI6Q, STM32U545VET6, STM32U545VET6Q, STM32U595AIH6, STM32U595AIH6Q, STM32U595AJH6, STM32U595AJH6Q, STM32U595QII6, STM32U595QII6Q, STM32U595QJI6, STM32U595QJI6Q, STM32U595RIT6, STM32U595RIT6Q, STM32U595RJT6, STM32U595RJT6Q, STM32U595VIT6, STM32U595VIT6Q, STM32U595VJT6, STM32U595VJT6Q, STM32U595ZIT6, STM32U595ZIT6Q, STM32U595ZIY6QTR, STM32U595ZJT6, STM32U595ZJT6Q, STM32U595ZJY6QTR, STM32U599BJY6QTR, STM32U599NIH6Q, STM32U599NJH6Q, STM32U599VIT6Q, STM32U599VJT6, STM32U599VJT6Q, STM32U599ZIT6Q, STM32U599ZIY6QTR, STM32U599ZJT6Q, STM32U599ZJY6QTR, STM32U5A5AJH6, STM32U5A5AJH6Q, STM32U5A5QJI6, STM32U5A5QJI6Q, STM32U5A5RJT6, STM32U5A5RJT6Q, STM32U5A5VJT6, STM32U5A5VJT6Q, STM32U5A5ZJT6, STM32U5A5ZJT6Q, STM32U5A5ZJY6QTR, STM32U5A9BJY6QTR, STM32U5A9J-DK, STM32U5A9NJH6Q, STM32U5A9VJT6Q, STM32U5A9ZJT6Q, STM32U5A9ZJY6QTR, STM32WB1MMCH6, STM32WBA52CEU6, STM32WBA52CEU6T, STM32WBA52CGU6, STM32WBA52CGU6T, STM32WL5MOCH6, STM32WL5MOCH6TR]
2023-03-08 14:59:59,836 [INFO] BoardInfo:880 - No configuration file found for board P-NUCLEO-WB55
2023-03-08 14:59:59,836 [INFO] DbBoards:157 - Kit is not supported: P-NUCLEO-WB55
2023-03-08 14:59:59,838 [INFO] BoardInfo:880 - No configuration file found for board STEVAL-BFA001V1B
2023-03-08 14:59:59,838 [INFO] DbBoards:157 - Kit is not supported: STEVAL-BFA001V1B
2023-03-08 14:59:59,847 [INFO] BoardInfo:880 - No configuration file found for board STEVAL-BFA001V2B
2023-03-08 14:59:59,847 [INFO] DbBoards:157 - Kit is not supported: STEVAL-BFA001V2B
2023-03-08 15:00:00,094 [INFO] DbBoards:161 - Found 187 boards, 184 are supported
2023-03-08 15:00:00,103 [INFO] ApiDb:414 - User favorites file not found: C:\Users\hlecoz/.stm32cubeide/favorites.boards.txt
2023-03-08 15:00:00,103 [INFO] DbBoards:190 - Set 0 / 0 favorites Boards
2023-03-08 15:00:00,109 [INFO] ApiDb:668 - CubeFinder database Data Model version=2.1
2023-03-08 15:00:00,109 [INFO] ApiDb:669 - CubeFinder database Configuration version=3.0.35
2023-03-08 15:00:00,109 [INFO] ApiDb:670 - CubeFinder database generation date=2023-02-21 (1676964986)
2023-03-08 15:00:00,109 [INFO] ApiDb:671 - CubeFinder database FW Pack versions=[FP-ATR-ASTRA1_V1.1.1, STM32Cube_FW_C0_V1.0.1, STM32Cube_FW_F0_V1.11.4, STM32Cube_FW_F3_V1.11.4, STM32Cube_FW_F4_V1.27.1, STM32Cube_FW_F7_V1.17.0, STM32Cube_FW_G0_V1.6.1, STM32Cube_FW_G4_V1.5.1, STM32Cube_FW_H5_V0.5.1, STM32Cube_FW_H5_V1.0.0, STM32Cube_FW_H7_V1.11.0, STM32Cube_FW_L0_V1.12.2, STM32Cube_FW_L5_V1.5.0, STM32Cube_FW_U5_V1.2.0, STM32Cube_FW_WBA_V1.0.0, STM32Cube_FW_WBA_V1.0.0RC1, STM32Cube_FW_WBA_V1.0.0RC3, STM32Cube_FW_WB_V1.15.0RC1, STM32Cube_FW_WB_V1.16.0, STM32Cube_FW_WB_V1.16.0RC2, STM32Cube_FW_WL_V1.3.0, X-CUBE-ALGOBUILD_V1.3.0, X-CUBE-ALS_V1.0.1, X-CUBE-AZRTOS-F4_V1.1.0, X-CUBE-AZRTOS-F7_V1.1.0, X-CUBE-AZRTOS-G0_V1.1.0, X-CUBE-AZRTOS-G4_V1.0.0, X-CUBE-AZRTOS-H7_V3.0.0, X-CUBE-AZRTOS-L4_V1.0.0, X-CUBE-AZRTOS-L5_V1.1.0, X-CUBE-AZRTOS-WB_V1.1.0, X-CUBE-AZRTOS-WL_V1.0.0, X-CUBE-BLE1_V6.2.4, X-CUBE-BLE2_V3.3.0, X-CUBE-BLEMGR_V1.3.0, X-CUBE-EEPRMA1_V4.1.0, X-CUBE-GNSS1_V6.0.0, X-CUBE-MEMS1_V9.1.0, X-CUBE-MEMS1_V9.4.0, X-CUBE-MEMS1_V9.5.0, X-CUBE-NFC4_V3.0.0, X-CUBE-NFC7_V1.0.0, X-CUBE-SFXS2LP1_V4.0.0, X-CUBE-SUBG2_V5.0.0]
2023-03-08 15:00:01,856 [INFO] DbExamplesSqlite:376 - Ignored 46 examples not supported by CubeIDE
2023-03-08 15:00:01,856 [INFO] DbExamplesSqlite:377 - Found 7328 examples active
2023-03-08 15:00:01,857 [INFO] DbExamplesSqlite:378 - Found 1095 examples obsolete
2023-03-08 15:00:01,857 [INFO] DbExamplesSqlite:379 - Found 0 examples under development
2023-03-08 15:00:01,857 [INFO] DbExamplesSqlite:380 - Found 77 examples not building
2023-03-08 15:00:01,858 [INFO] DbExamples:125 - Found 7359 examples
2023-03-08 15:00:01,879 [INFO] DbExamples:222 - Found 92 boards with related examples
2023-03-08 15:00:01,882 [INFO] DbExamples:235 - Found 78 MCUs with related examples
2023-03-08 15:00:01,899 [INFO] ApiDb:414 - User favorites file not found: C:\Users\hlecoz/.stm32cubeide/favorites.examples.txt
2023-03-08 15:00:01,899 [INFO] DbExamples:250 - Set 0 / 0 favorites Examples
2023-03-08 15:00:02,269 [INFO] McuFinderGlobals:66 - Set McuFinderConnectedMode to true
2023-03-08 15:00:02,286 [INFO] MultiScanPanel:200 - Auto-refresh data requested => check proxy status ongoing
2023-03-08 15:00:02,293 [INFO] FinderPluginLoader:95 - Searching for filters in installed packs
2023-03-08 15:00:04,673 [INFO] LoadUrlFilesThread:185 - End of LoadServerUrlFiles without Thread
2023-03-08 15:00:04,688 [INFO] DetailPanel:341 - Set advertising image to C:/Users/hlecoz/STM32Cube/Repository/\en.prom-stm32h5-mcu-finder.jpg
2023-03-08 15:00:44,186 [INFO] MainUpdater:2854 - connection check result : 10
2023-03-08 15:00:44,186 [INFO] MainUpdater:2854 - connection check result : 10
2023-03-08 15:00:44,302 [INFO] MicroXplorer:468 - Change Database Path : 
2023-03-08 15:00:44,302 [INFO] MicroXplorer:498 - Change Database Version : DB.6.0.80
2023-03-08 15:00:44,303 [WARN] ThirdParty:871 - waiting for thirdparty lock release [close project]
2023-03-08 15:00:44,304 [INFO] ThirdParty:873 - entering critical section [close project]
2023-03-08 15:00:44,306 [INFO] ThirdParty:883 - exiting critical section [close project]
2023-03-08 15:00:44,321 [INFO] PinOutPanel:1499 - setPackage(No Configuration,No Configuration)
2023-03-08 15:00:44,336 [INFO] UtilMem:75 - Begin LoadConfig() Used Memory: 551180336 Bytes (635437056)
2023-03-08 15:00:48,467 [INFO] ServerAccessManage:473 - Download File stm32cube_db_v6070.zip
2023-03-08 15:00:57,875 [INFO] FileExtend:240 - Unzip File : stm32cube_db_v6070.zip
2023-03-08 15:00:57,876 [INFO] FileExtend:255 - Standard Zip Deflate
2023-03-08 15:01:20,788 [INFO] LoadServerPackagesThread:196 - End of LoadServerPackages Thread
2023-03-08 15:01:21,013 [INFO] CheckServerUpdateThread:120 - End of CheckServer Thread
2023-03-08 15:01:21,265 [INFO] ServerAccessManage:473 - Download File stm32cube_fw_l0_v1120.zip
2023-03-08 15:01:39,380 [ERROR] FileExtend:455 - File entry not found
2023-03-08 15:01:39,380 [INFO] FileExtend:240 - Unzip File : stm32cube_fw_l0_v1120.zip
2023-03-08 15:01:39,382 [INFO] FileExtend:255 - Standard Zip Deflate
2023-03-08 15:02:42,823 [INFO] ServerAccessManage:473 - Download File stm32cube_fw_l0_v1121.zip
2023-03-08 15:02:48,930 [INFO] FileExtend:240 - Unzip File : stm32cube_fw_l0_v1121.zip
2023-03-08 15:02:48,931 [INFO] FileExtend:255 - Standard Zip Deflate
2023-03-08 15:03:13,064 [INFO] LoadServerPackagesThread:196 - End of LoadServerPackages Thread
2023-03-08 15:03:13,264 [INFO] CheckServerUpdateThread:120 - End of CheckServer Thread
2023-03-08 15:03:13,315 [INFO] MicroXplorer:468 - Change Database Path : C:/Users/hlecoz/.stm32cubemx/databases/DB.6.0.70/db/
2023-03-08 15:03:13,316 [INFO] MicroXplorer:498 - Change Database Version : DB.6.0.70
2023-03-08 15:03:13,316 [INFO] OpenFileManager:308 - Change cursor
2023-03-08 15:03:13,685 [INFO] Mcu:1937 - Initializing MCU STM32L021K4Tx STM32L021K4Tx STM32L021K4T6
2023-03-08 15:03:15,056 [INFO] Context:659 - Trying to add GPIOservice into a context  which must be forbidden
2023-03-08 15:03:15,658 [INFO] RtosManager:555 - Registered RTOS mode: class=CMSIS, group=RTOS, mode=CMSIS_V1, owner=FREERTOS
2023-03-08 15:03:15,658 [INFO] RtosManager:555 - Registered RTOS mode: class=CMSIS, group=RTOS2, mode=CMSIS_V2, owner=FREERTOS
2023-03-08 15:03:15,658 [INFO] RtosManager:555 - Registered RTOS mode: class=RTOS, group=Core, mode=CMSIS_V1, owner=FREERTOS
2023-03-08 15:03:15,659 [INFO] RtosManager:555 - Registered RTOS mode: class=RTOS, group=Core, mode=CMSIS_V2, owner=FREERTOS
2023-03-08 15:03:15,659 [WARN] ModelIntegratedComponent:184 - Missing modes for component STMicroelectronics:FreeRTOS:0.0.1:STMicroelectronics:RTOS:FreeRTOS:Core:::10.2.0:
2023-03-08 15:03:15,691 [WARN] ModelIntegratedComponent:63 - No mode defined for component null
2023-03-08 15:03:15,691 [WARN] ModelIntegratedComponent:63 - No mode defined for component null
2023-03-08 15:03:15,692 [WARN] ModelIntegratedComponent:63 - No mode defined for component null
2023-03-08 15:03:15,692 [WARN] ModelIntegratedComponent:63 - No mode defined for component null
2023-03-08 15:03:15,693 [WARN] ModelIntegratedComponent:63 - No mode defined for component null
2023-03-08 15:03:15,693 [WARN] ModelIntegratedComponent:63 - No mode defined for component null
2023-03-08 15:03:15,693 [WARN] ModelIntegratedComponent:63 - No mode defined for component null
2023-03-08 15:03:15,693 [WARN] ModelIntegratedComponent:63 - No mode defined for component null
2023-03-08 15:03:15,693 [WARN] ModelIntegratedComponent:63 - No mode defined for component null
2023-03-08 15:03:15,694 [WARN] ModelIntegratedComponent:63 - No mode defined for component null
2023-03-08 15:03:15,694 [WARN] ModelIntegratedComponent:63 - No mode defined for component null
2023-03-08 15:03:15,694 [WARN] ModelIntegratedComponent:63 - No mode defined for component null
2023-03-08 15:03:15,694 [WARN] ModelIntegratedComponent:63 - No mode defined for component null
2023-03-08 15:03:15,694 [WARN] ModelIntegratedComponent:63 - No mode defined for component null
2023-03-08 15:03:15,694 [WARN] ModelIntegratedComponent:63 - No mode defined for component null
2023-03-08 15:03:15,694 [WARN] ModelIntegratedComponent:63 - No mode defined for component null
2023-03-08 15:03:15,695 [WARN] ModelIntegratedComponent:63 - No mode defined for component null
2023-03-08 15:03:15,695 [WARN] ModelIntegratedComponent:63 - No mode defined for component null
2023-03-08 15:03:15,696 [WARN] ModelIntegratedComponent:63 - No mode defined for component null
2023-03-08 15:03:15,696 [WARN] ModelIntegratedComponent:63 - No mode defined for component null
2023-03-08 15:03:15,696 [WARN] ModelIntegratedComponent:63 - No mode defined for component null
2023-03-08 15:03:15,696 [WARN] ModelIntegratedComponent:63 - No mode defined for component null
2023-03-08 15:03:15,696 [WARN] ModelIntegratedComponent:63 - No mode defined for component null
2023-03-08 15:03:15,696 [WARN] ModelIntegratedComponent:63 - No mode defined for component null
2023-03-08 15:03:15,697 [WARN] ModelIntegratedComponent:63 - No mode defined for component null
2023-03-08 15:03:15,697 [WARN] ModelIntegratedComponent:63 - No mode defined for component null
2023-03-08 15:03:15,697 [WARN] ModelIntegratedComponent:63 - No mode defined for component null
2023-03-08 15:03:15,697 [WARN] ModelIntegratedComponent:63 - No mode defined for component null
2023-03-08 15:03:15,697 [WARN] ModelIntegratedComponent:63 - No mode defined for component null
2023-03-08 15:03:15,697 [WARN] ModelIntegratedComponent:63 - No mode defined for component null
2023-03-08 15:03:15,698 [WARN] ModelIntegratedComponent:63 - No mode defined for component null
2023-03-08 15:03:15,698 [WARN] ModelIntegratedComponent:63 - No mode defined for component null
2023-03-08 15:03:15,698 [WARN] ModelIntegratedComponent:63 - No mode defined for component null
2023-03-08 15:03:15,905 [INFO] ThirdPartyModel:298 - Start build external matchings
2023-03-08 15:03:16,416 [INFO] ThirdPartyModel:316 - End build external matchings
2023-03-08 15:03:16,459 [WARN] IP:2113 - AutoBaudRateEnableParam not found: check if there is a RefParameter without a condition.
2023-03-08 15:03:16,755 [INFO] UtilMem:75 - End LoadConfig() Used Memory: 774516344 Bytes (1073741824)
2023-03-08 15:03:17,046 [WARN] ThirdParty:833 - waiting for thirdparty lock release [change project]
2023-03-08 15:03:17,046 [INFO] ThirdParty:835 - entering critical section [change project]
2023-03-08 15:03:17,049 [INFO] ThirdParty:1030 - CMSIS Pack Vendor :STMicroelectronics X-CUBE-ISPU 1.1.0
2023-03-08 15:03:17,049 [INFO] ThirdParty:1030 - CMSIS Pack Vendor :RoweBots I-CUBE-UNISONRTOS 5.5.0-4
2023-03-08 15:03:17,049 [INFO] ThirdParty:1030 - CMSIS Pack Vendor :STMicroelectronics X-CUBE-GNSS1 6.0.0
2023-03-08 15:03:17,049 [INFO] ThirdParty:1030 - CMSIS Pack Vendor :STMicroelectronics USB_HOST 2.0.0
2023-03-08 15:03:17,049 [INFO] ThirdParty:1030 - CMSIS Pack Vendor :STMicroelectronics X-CUBE-AZRTOS-F4 1.1.0
2023-03-08 15:03:17,049 [INFO] ThirdParty:1030 - CMSIS Pack Vendor :STMicroelectronics LIBJPEG 8.0.0
2023-03-08 15:03:17,050 [INFO] ThirdParty:1030 - CMSIS Pack Vendor :STMicroelectronics USB_DEVICE 3.0.0
2023-03-08 15:03:17,050 [INFO] ThirdParty:1030 - CMSIS Pack Vendor :STMicroelectronics X-CUBE-AI 8.0.0
2023-03-08 15:03:17,050 [INFO] ThirdParty:1030 - CMSIS Pack Vendor :STMicroelectronics X-CUBE-FREERTOS 1.0.0
2023-03-08 15:03:17,050 [INFO] ThirdParty:1030 - CMSIS Pack Vendor :STMicroelectronics X-CUBE-TOUCHGFX 4.21.1
2023-03-08 15:03:17,051 [INFO] ThirdParty:1030 - CMSIS Pack Vendor :STMicroelectronics X-CUBE-AZRTOS-F7 1.1.0
2023-03-08 15:03:17,051 [INFO] ThirdParty:1030 - CMSIS Pack Vendor :STMicroelectronics USB_DEVICE 2.0.0
2023-03-08 15:03:17,051 [INFO] ThirdParty:1030 - CMSIS Pack Vendor :STMicroelectronics X-CUBE-AI 7.3.0
2023-03-08 15:03:17,051 [INFO] ThirdParty:1030 - CMSIS Pack Vendor :STMicroelectronics X-CUBE-ALGOBUILD 1.3.0
2023-03-08 15:03:17,051 [INFO] ThirdParty:1030 - CMSIS Pack Vendor :STMicroelectronics X-CUBE-BLE1 6.2.4
2023-03-08 15:03:17,051 [INFO] ThirdParty:1030 - CMSIS Pack Vendor :STMicroelectronics X-CUBE-AZRTOS-L5 1.1.0
2023-03-08 15:03:17,052 [INFO] ThirdParty:1030 - CMSIS Pack Vendor :STMicroelectronics FreeRTOS 0.0.1
2023-03-08 15:03:17,052 [INFO] ThirdParty:1030 - CMSIS Pack Vendor :emotas I-CUBE-CANOPEN 1.1.3
2023-03-08 15:03:17,052 [INFO] ThirdParty:1030 - CMSIS Pack Vendor :STMicroelectronics X-CUBE-AZRTOS-G0 1.1.0
2023-03-08 15:03:17,052 [INFO] ThirdParty:1030 - CMSIS Pack Vendor :STMicroelectronics X-CUBE-BLEMGR 2.0.0
2023-03-08 15:03:17,052 [INFO] ThirdParty:1030 - CMSIS Pack Vendor :STMicroelectronics X-CUBE-SUBG2 5.0.0
2023-03-08 15:03:17,052 [INFO] ThirdParty:1030 - CMSIS Pack Vendor :STMicroelectronics X-CUBE-NFC4 3.0.0
2023-03-08 15:03:17,052 [INFO] ThirdParty:1030 - CMSIS Pack Vendor :STMicroelectronics STM32_WPAN 1.0.0
2023-03-08 15:03:17,053 [INFO] ThirdParty:1030 - CMSIS Pack Vendor :STMicroelectronics lwIP 2.0.3
2023-03-08 15:03:17,053 [INFO] ThirdParty:1030 - CMSIS Pack Vendor :STMicroelectronics USB_HOST 1.0.0
2023-03-08 15:03:17,053 [INFO] ThirdParty:1030 - CMSIS Pack Vendor :STMicroelectronics PDM2PCM 3.1.0
2023-03-08 15:03:17,053 [INFO] ThirdParty:1030 - CMSIS Pack Vendor :STMicroelectronics FP-ATR-ASTRA1 1.1.1
2023-03-08 15:03:17,054 [INFO] ThirdParty:1030 - CMSIS Pack Vendor :STMicroelectronics PDM2PCM 3.3.0
2023-03-08 15:03:17,054 [INFO] ThirdParty:1030 - CMSIS Pack Vendor :STMicroelectronics X-CUBE-DISPLAY 3.0.0
2023-03-08 15:03:17,054 [INFO] ThirdParty:1030 - CMSIS Pack Vendor :STMicroelectronics X-CUBE-BLEMGR 1.3.0
2023-03-08 15:03:17,054 [INFO] ThirdParty:1030 - CMSIS Pack Vendor :STMicroelectronics X-CUBE-AZRTOS-G4 1.0.0
2023-03-08 15:03:17,054 [INFO] ThirdParty:1030 - CMSIS Pack Vendor :STMicroelectronics FP-ATR-SIGFOX1 3.2.0
2023-03-08 15:03:17,054 [INFO] ThirdParty:1030 - CMSIS Pack Vendor :wolfSSL I-CUBE-wolfSSL 5.5.4
2023-03-08 15:03:17,054 [INFO] ThirdParty:1030 - CMSIS Pack Vendor :STMicroelectronics X-CUBE-AZRTOS-L4 1.0.0
2023-03-08 15:03:17,054 [INFO] ThirdParty:1030 - CMSIS Pack Vendor :STMicroelectronics HAL Drivers 0.0.0
2023-03-08 15:03:17,054 [INFO] ThirdParty:1030 - CMSIS Pack Vendor :STMicroelectronics MBEDTLS 2.16.2
2023-03-08 15:03:17,054 [INFO] ThirdParty:1030 - CMSIS Pack Vendor :STMicroelectronics MBEDTLS 2.14.1
2023-03-08 15:03:17,054 [INFO] ThirdParty:1030 - CMSIS Pack Vendor :STMicroelectronics X-CUBE-NFC7 1.0.0
2023-03-08 15:03:17,054 [INFO] ThirdParty:1030 - CMSIS Pack Vendor :STMicroelectronics X-CUBE-AZRTOS-WL 1.0.0
2023-03-08 15:03:17,054 [INFO] ThirdParty:1030 - CMSIS Pack Vendor :STMicroelectronics X-CUBE-EEPRMA1 4.1.0
2023-03-08 15:03:17,054 [INFO] ThirdParty:1030 - CMSIS Pack Vendor :portGmbH I-Cube-SoM-uGOAL 1.1.0
2023-03-08 15:03:17,054 [INFO] ThirdParty:1030 - CMSIS Pack Vendor :STMicroelectronics X-CUBE-ALS 1.0.1
2023-03-08 15:03:17,054 [INFO] ThirdParty:1030 - CMSIS Pack Vendor :STMicroelectronics X-CUBE-MEMS1 9.5.0
2023-03-08 15:03:17,054 [INFO] ThirdParty:1030 - CMSIS Pack Vendor :STMicroelectronics ThreadX 1.0.0
2023-03-08 15:03:17,054 [INFO] ThirdParty:1030 - CMSIS Pack Vendor :STMicroelectronics X-CUBE-AZRTOS-WB 1.1.0
2023-03-08 15:03:17,054 [INFO] ThirdParty:1030 - CMSIS Pack Vendor :SEGGER I-CUBE-embOS 1.3.1
2023-03-08 15:03:17,054 [INFO] ThirdParty:1030 - CMSIS Pack Vendor :STMicroelectronics USB_DEVICE 1.0.0
2023-03-08 15:03:17,054 [INFO] ThirdParty:1030 - CMSIS Pack Vendor :STMicroelectronics ThreadX 0.0.2
2023-03-08 15:03:17,057 [INFO] ThirdParty:1030 - CMSIS Pack Vendor :STMicroelectronics lwIP 2.1.2
2023-03-08 15:03:17,057 [INFO] ThirdParty:1030 - CMSIS Pack Vendor :STMicroelectronics X-CUBE-SFXS2LP1 4.0.0
2023-03-08 15:03:17,057 [INFO] ThirdParty:1030 - CMSIS Pack Vendor :STMicroelectronics X-CUBE-BLE2 3.3.0
2023-03-08 15:03:17,057 [INFO] ThirdParty:1030 - CMSIS Pack Vendor :STMicroelectronics X-CUBE-TOF1 3.2.0
2023-03-08 15:03:17,057 [INFO] ThirdParty:1030 - CMSIS Pack Vendor :STMicroelectronics PDM2PCM 3.2.0
2023-03-08 15:03:17,057 [INFO] ThirdParty:1030 - CMSIS Pack Vendor :STMicroelectronics X-CUBE-AZRTOS-H7 3.0.0
2023-03-08 15:03:17,058 [INFO] ThirdParty:841 - exiting critical section [change project]
2023-03-08 15:03:17,764 [INFO] PinOutPanel:1499 - setPackage(No Configuration,No Configuration)
2023-03-08 15:03:17,768 [INFO] PinOutPanel:1499 - setPackage(STM32L021K4Tx,LQFP32)
2023-03-08 15:03:18,893 [INFO] UtilMem:75 - Before build in PCC Used Memory: 949081504 Bytes (1073741824)
2023-03-08 15:03:20,519 [INFO] UtilMem:75 - After build in PCC Used Memory: 640461656 Bytes (1073741824)
2023-03-08 15:03:20,551 [INFO] IPUIPlugin:80 - create IPUIPlugin
2023-03-08 15:03:20,551 [INFO] IPUIPlugin:80 - create IPUIPlugin
2023-03-08 15:03:20,551 [INFO] IPUIPlugin:80 - create IPUIPlugin
2023-03-08 15:03:20,555 [INFO] IPUIPlugin:80 - create IPUIPlugin
2023-03-08 15:03:20,555 [INFO] IPUIPlugin:80 - create IPUIPlugin
2023-03-08 15:03:20,555 [INFO] IPUIPlugin:80 - create IPUIPlugin
2023-03-08 15:03:20,555 [INFO] IPUIPlugin:80 - create IPUIPlugin
2023-03-08 15:03:20,555 [INFO] IPUIPlugin:80 - create IPUIPlugin
2023-03-08 15:03:20,555 [INFO] IPUIPlugin:80 - create IPUIPlugin
2023-03-08 15:03:20,556 [INFO] IPUIPlugin:80 - create IPUIPlugin
2023-03-08 15:03:20,556 [INFO] IPUIPlugin:80 - create IPUIPlugin
2023-03-08 15:03:20,556 [INFO] IPUIPlugin:80 - create IPUIPlugin
2023-03-08 15:03:20,556 [INFO] IPUIPlugin:80 - create IPUIPlugin
2023-03-08 15:03:20,556 [INFO] IPUIPlugin:80 - create IPUIPlugin
2023-03-08 15:03:20,556 [INFO] IPUIPlugin:80 - create IPUIPlugin
2023-03-08 15:03:20,557 [INFO] IPUIPlugin:80 - create IPUIPlugin
2023-03-08 15:03:20,557 [INFO] IPUIPlugin:80 - create IPUIPlugin
2023-03-08 15:03:20,558 [INFO] IPUIPlugin:80 - create IPUIPlugin
2023-03-08 15:03:20,558 [INFO] IPUIPlugin:80 - create IPUIPlugin
2023-03-08 15:03:20,558 [INFO] IPUIPlugin:80 - create IPUIPlugin
2023-03-08 15:03:20,558 [INFO] IPUIPlugin:80 - create IPUIPlugin
2023-03-08 15:03:20,560 [INFO] IPUIPlugin:80 - create IPUIPlugin
2023-03-08 15:03:20,597 [WARN] IP:2113 - AutoBaudRateEnableParam not found: check if there is a RefParameter without a condition.
2023-03-08 15:03:20,926 [INFO] CADModel:165 - CPN selected for project levelSTM32L021K4T6
2023-03-08 15:03:20,926 [INFO] CADModel:114 - Register for checkConnection events
2023-03-08 15:03:21,004 [INFO] OpenFileManager:328 - Restore cursor
2023-03-08 15:03:21,422 [WARN] IP:2113 - AutoBaudRateEnableParam not found: check if there is a RefParameter without a condition.
2023-03-08 15:03:21,424 [WARN] IP:2113 - AutoBaudRateEnableParam not found: check if there is a RefParameter without a condition.
2023-03-08 15:03:24,410 [INFO] UtilMem:75 - End SaveConfig() Used Memory: 788833112 Bytes (1073741824)
2023-03-08 15:03:24,572 [INFO] UtilMem:75 - End SaveConfig() Used Memory: 796699480 Bytes (1073741824)
2023-03-08 15:03:25,520 [INFO] BlockDiagram:2759 - set Specific Code input for plugin: ADC
2023-03-08 15:03:25,521 [INFO] BlockDiagram:2759 - set Specific Code input for plugin: SPI
2023-03-08 15:03:25,521 [INFO] BlockDiagram:2759 - set Specific Code input for plugin: NVIC
2023-03-08 15:03:25,521 [INFO] BlockDiagram:2759 - set Specific Code input for plugin: SYS
2023-03-08 15:03:25,522 [INFO] BlockDiagram:2759 - set Specific Code input for plugin: GPIO
2023-03-08 15:03:25,522 [INFO] BlockDiagram:2759 - set Specific Code input for plugin: USART
2023-03-08 15:03:25,522 [INFO] BlockDiagram:2759 - set Specific Code input for plugin: RCC
2023-03-08 15:03:25,522 [INFO] BlockDiagram:2759 - set Specific Code input for plugin: TIM1_8L0
2023-03-08 15:03:25,527 [INFO] CodeGenerator:793 - code generatio: config db path: C:/Users/hlecoz/.stm32cubemx/databases/DB.6.0.70/db/
2023-03-08 15:03:25,649 [WARN] IP:2113 - AutoBaudRateEnableParam not found: check if there is a RefParameter without a condition.
2023-03-08 15:03:26,520 [INFO] CodeEngine:255 - oldGeneratedFile, C:\Users\hlecoz\STM32CubeIDE\workspace_1.12.0\firmware\MXTmpFiles\license.tmp_save
2023-03-08 15:03:27,453 [INFO] CodeEngine:279 - Generated code: C:\Users\hlecoz\STM32CubeIDE\workspace_1.12.0\firmware\MXTmpFiles\license.tmp
2023-03-08 15:03:27,748 [INFO] CodeEngine:255 - oldGeneratedFile, C:\Users\hlecoz\STM32CubeIDE\workspace_1.12.0\firmware\Core\Src\gpio.c_save
2023-03-08 15:03:27,973 [INFO] CodeEngine:279 - Generated code: C:\Users\hlecoz\STM32CubeIDE\workspace_1.12.0\firmware\Core\Src\gpio.c
2023-03-08 15:03:27,986 [INFO] CodeEngine:255 - oldGeneratedFile, C:\Users\hlecoz\STM32CubeIDE\workspace_1.12.0\firmware\Core\Inc\gpio.h_save
2023-03-08 15:03:28,136 [INFO] CodeEngine:279 - Generated code: C:\Users\hlecoz\STM32CubeIDE\workspace_1.12.0\firmware\Core\Inc\gpio.h
2023-03-08 15:03:29,170 [INFO] CodeEngine:255 - oldGeneratedFile, C:\Users\hlecoz\STM32CubeIDE\workspace_1.12.0\firmware\Core\Src\adc.c_save
2023-03-08 15:03:29,397 [INFO] CodeEngine:279 - Generated code: C:\Users\hlecoz\STM32CubeIDE\workspace_1.12.0\firmware\Core\Src\adc.c
2023-03-08 15:03:29,410 [INFO] CodeEngine:255 - oldGeneratedFile, C:\Users\hlecoz\STM32CubeIDE\workspace_1.12.0\firmware\Core\Inc\adc.h_save
2023-03-08 15:03:29,538 [INFO] CodeEngine:279 - Generated code: C:\Users\hlecoz\STM32CubeIDE\workspace_1.12.0\firmware\Core\Inc\adc.h
2023-03-08 15:03:29,570 [INFO] CodeEngine:255 - oldGeneratedFile, C:\Users\hlecoz\STM32CubeIDE\workspace_1.12.0\firmware\Core\Src\spi.c_save
2023-03-08 15:03:29,805 [INFO] CodeEngine:279 - Generated code: C:\Users\hlecoz\STM32CubeIDE\workspace_1.12.0\firmware\Core\Src\spi.c
2023-03-08 15:03:29,818 [INFO] CodeEngine:255 - oldGeneratedFile, C:\Users\hlecoz\STM32CubeIDE\workspace_1.12.0\firmware\Core\Inc\spi.h_save
2023-03-08 15:03:29,944 [INFO] CodeEngine:279 - Generated code: C:\Users\hlecoz\STM32CubeIDE\workspace_1.12.0\firmware\Core\Inc\spi.h
2023-03-08 15:03:29,975 [INFO] CodeEngine:255 - oldGeneratedFile, C:\Users\hlecoz\STM32CubeIDE\workspace_1.12.0\firmware\Core\Src\tim.c_save
2023-03-08 15:03:30,132 [INFO] CodeEngine:279 - Generated code: C:\Users\hlecoz\STM32CubeIDE\workspace_1.12.0\firmware\Core\Src\tim.c
2023-03-08 15:03:30,145 [INFO] CodeEngine:255 - oldGeneratedFile, C:\Users\hlecoz\STM32CubeIDE\workspace_1.12.0\firmware\Core\Inc\tim.h_save
2023-03-08 15:03:30,270 [INFO] CodeEngine:279 - Generated code: C:\Users\hlecoz\STM32CubeIDE\workspace_1.12.0\firmware\Core\Inc\tim.h
2023-03-08 15:03:30,298 [INFO] CodeEngine:255 - oldGeneratedFile, C:\Users\hlecoz\STM32CubeIDE\workspace_1.12.0\firmware\Core\Src\usart.c_save
2023-03-08 15:03:30,492 [INFO] CodeEngine:279 - Generated code: C:\Users\hlecoz\STM32CubeIDE\workspace_1.12.0\firmware\Core\Src\usart.c
2023-03-08 15:03:30,510 [INFO] CodeEngine:255 - oldGeneratedFile, C:\Users\hlecoz\STM32CubeIDE\workspace_1.12.0\firmware\Core\Inc\usart.h_save
2023-03-08 15:03:30,618 [INFO] CodeEngine:279 - Generated code: C:\Users\hlecoz\STM32CubeIDE\workspace_1.12.0\firmware\Core\Inc\usart.h
2023-03-08 15:03:30,655 [INFO] CodeEngine:255 - oldGeneratedFile, C:\Users\hlecoz\STM32CubeIDE\workspace_1.12.0\firmware\Core\Src\stm32l0xx_it.c_save
2023-03-08 15:03:30,825 [INFO] CodeEngine:279 - Generated code: C:\Users\hlecoz\STM32CubeIDE\workspace_1.12.0\firmware\Core\Src\stm32l0xx_it.c
2023-03-08 15:03:30,840 [INFO] CodeEngine:255 - oldGeneratedFile, C:\Users\hlecoz\STM32CubeIDE\workspace_1.12.0\firmware\Core\Inc\stm32l0xx_it.h_save
2023-03-08 15:03:30,939 [INFO] CodeEngine:279 - Generated code: C:\Users\hlecoz\STM32CubeIDE\workspace_1.12.0\firmware\Core\Inc\stm32l0xx_it.h
2023-03-08 15:03:30,970 [INFO] CodeEngine:255 - oldGeneratedFile, C:\Users\hlecoz\STM32CubeIDE\workspace_1.12.0\firmware\MXTmpFiles\system.tmp_save
2023-03-08 15:03:31,085 [INFO] CodeEngine:279 - Generated code: C:\Users\hlecoz\STM32CubeIDE\workspace_1.12.0\firmware\MXTmpFiles\system.tmp
2023-03-08 15:03:31,099 [INFO] CodeEngine:255 - oldGeneratedFile, C:\Users\hlecoz\STM32CubeIDE\workspace_1.12.0\firmware\Core\Inc\stm32_assert.h_save
2023-03-08 15:03:31,221 [INFO] CodeEngine:279 - Generated code: C:\Users\hlecoz\STM32CubeIDE\workspace_1.12.0\firmware\Core\Inc\stm32_assert.h
2023-03-08 15:03:31,243 [WARN] IPConfigManager:2937 - Warning: the RefConfig RCC_ConfigVoltageScaling is not available in your config.xml file
2023-03-08 15:03:31,243 [WARN] IPConfigManager:2937 - Warning: the RefConfig RCC_LSEDRIVE_CONFIG is not available in your config.xml file
2023-03-08 15:03:31,250 [WARN] IPConfigManager:2937 - Warning: the RefConfig RCC_ClockConfig is not available in your config.xml file
2023-03-08 15:03:31,251 [WARN] IPConfigManager:2937 - Warning: the RefConfig RCC_MCO1Config is not available in your config.xml file
2023-03-08 15:03:31,251 [WARN] IPConfigManager:2937 - Warning: the RefConfig RCC_interrupt_Time_SYSTICK_Config is not available in your config.xml file
2023-03-08 15:03:31,251 [WARN] IPConfigManager:2937 - Warning: the RefConfig RCC_SYSTICK_CONFIG is not available in your config.xml file
2023-03-08 15:03:31,287 [INFO] CodeEngine:255 - oldGeneratedFile, C:\Users\hlecoz\STM32CubeIDE\workspace_1.12.0\firmware\Core\Inc\main.h_save
2023-03-08 15:03:31,432 [INFO] CodeEngine:279 - Generated code: C:\Users\hlecoz\STM32CubeIDE\workspace_1.12.0\firmware\Core\Inc\main.h
2023-03-08 15:03:31,448 [INFO] CodeEngine:255 - oldGeneratedFile, C:\Users\hlecoz\STM32CubeIDE\workspace_1.12.0\firmware\Core\Src\main.c_save
2023-03-08 15:03:31,642 [INFO] CodeEngine:279 - Generated code: C:\Users\hlecoz\STM32CubeIDE\workspace_1.12.0\firmware\Core\Src\main.c
2023-03-08 15:03:32,974 [INFO] ProjectBuilder:2996 - Time for Copy HAL[1] : 418mS.
2023-03-08 15:03:33,015 [INFO] ProjectBuilder:4304 - Project Generator version: 3.19.2
2023-03-08 15:03:33,607 [INFO] ConfigFileManager:1483 - The Die is : DIE457
2023-03-08 15:03:33,626 [INFO] ApiDbMcu:507 - Load IP Config File for FATFS
2023-03-08 15:03:33,674 [INFO] ApiDbMcu:507 - Load IP Config File for FREERTOS
2023-03-08 15:03:35,092 [INFO] LogOutputStream:77 - [STDOUT_REDIRECT] 
2023-03-08 15:03:49,621 [INFO] ProjectBuilder:4505 - Time for Generating toolchain IDE Files: 16604mS.
2023-03-08 15:03:49,625 [INFO] ProjectBuilder:2867 - Time for Copy CMSIS : 2mS.
2023-03-08 15:03:49,637 [INFO] ProjectBuilder:2867 - Time for Copy CMSIS : 0mS.
2023-03-08 15:03:50,942 [INFO] McuFinderGlobals:66 - Set McuFinderConnectedMode to true
2023-03-08 15:03:51,110 [INFO] ApiDb:448 - Save user favorites file C:\Users\hlecoz/.stm32cubeide/favorites.mcus.txt: 0 item(s)
2023-03-08 15:03:51,111 [INFO] ApiDb:452 - User favorites MCUs=[]
